<?xml version="1.0" encoding="UTF-8"?>
<!-- Generated by org.testng.reporters.JUnitReportReporter -->
<testsuite hostname="Family-laptop" failures="0" tests="1" name="DynamicJson" time="7.863" errors="0" timestamp="2024-09-07T23:10:57 IST" skipped="0">
  <testcase classname="DynamicJson" name="addBook" time="7.863"/>
</testsuite> <!-- DynamicJson -->
