<?xml version="1.0" encoding="UTF-8"?>
<!-- Generated by org.testng.reporters.JUnitReportReporter -->
<testsuite hostname="Family-laptop" failures="0" tests="1" name="SumValidation" time="4.537" errors="0" timestamp="2024-09-06T17:44:40 IST" skipped="0">
  <testcase classname="SumValidation" name="sumofCourses" time="4.537"/>
</testsuite> <!-- SumValidation -->
