<?xml version="1.0" encoding="UTF-8"?>
<!-- Generated by org.testng.reporters.JUnitReportReporter -->
<testsuite hostname="Family-laptop" failures="0" tests="3" name="DeleteBooks_TestNgDataProviderforParameterization2" time="8.331" errors="0" timestamp="2024-09-08T18:23:56 IST" skipped="0">
  <testcase classname="DeleteBooks_TestNgDataProviderforParameterization2" name="addBook" time="7.872"/>
  <testcase classname="DeleteBooks_TestNgDataProviderforParameterization2" name="addBook" time="0.170"/>
  <testcase classname="DeleteBooks_TestNgDataProviderforParameterization2" name="addBook" time="0.289"/>
</testsuite> <!-- DeleteBooks_TestNgDataProviderforParameterization2 -->
