<?xml version="1.0" encoding="UTF-8"?>
<!-- Generated by org.testng.reporters.JUnitReportReporter -->
<testsuite hostname="Family-laptop" failures="0" tests="3" name="DeleteBooks_TestNgDataProviderforParameterization" time="9.532" errors="0" timestamp="2024-09-08T23:41:12 IST" skipped="0">
  <testcase classname="DeleteBooks_TestNgDataProviderforParameterization" name="addBook" time="0.353"/>
  <testcase classname="DeleteBooks_TestNgDataProviderforParameterization" name="addBook" time="8.498"/>
  <testcase classname="DeleteBooks_TestNgDataProviderforParameterization" name="addBook" time="0.681"/>
</testsuite> <!-- DeleteBooks_TestNgDataProviderforParameterization -->
