<?xml version="1.0" encoding="UTF-8"?>
<!-- Generated by org.testng.reporters.JUnitReportReporter -->
<testsuite hostname="Family-laptop" failures="0" tests="3" name="DeleteBooks_TestNgDataProviderforParameterization" time="7.779" errors="0" timestamp="2024-09-08T19:16:30 IST" skipped="0">
  <testcase classname="DeleteBooks_TestNgDataProviderforParameterization" name="addBook" time="0.388"/>
  <testcase classname="DeleteBooks_TestNgDataProviderforParameterization" name="addBook" time="0.504"/>
  <testcase classname="DeleteBooks_TestNgDataProviderforParameterization" name="addBook" time="6.887"/>
</testsuite> <!-- DeleteBooks_TestNgDataProviderforParameterization -->
