<?xml version="1.0" encoding="UTF-8"?>
<!-- Generated by org.testng.reporters.JUnitReportReporter -->
<testsuite hostname="Family-laptop" failures="0" tests="1" name="SendingParametersToPayloadfromTest" time="7.828" errors="0" timestamp="2024-09-08T16:36:48 IST" skipped="0">
  <testcase classname="SendingParametersToPayloadfromTest" name="addBook" time="7.828"/>
</testsuite> <!-- SendingParametersToPayloadfromTest -->
