<?xml version="1.0" encoding="UTF-8"?>
<!-- Generated by org.testng.reporters.JUnitReportReporter -->
<testsuite hostname="Family-laptop" failures="0" tests="3" name="TestNgDataProviderforParameterization" time="7.562" errors="0" timestamp="2024-09-08T19:16:56 IST" skipped="0">
  <testcase classname="TestNgDataProviderforParameterization" name="addBook" time="7.043"/>
  <testcase classname="TestNgDataProviderforParameterization" name="addBook" time="0.222"/>
  <testcase classname="TestNgDataProviderforParameterization" name="addBook" time="0.297"/>
</testsuite> <!-- TestNgDataProviderforParameterization -->
