<?xml version="1.0" encoding="UTF-8"?>
<!-- Generated by org.testng.reporters.JUnitReportReporter -->
<testsuite hostname="Family-laptop" failures="0" tests="3" name="DeleteBooks_TestNgDataProviderforParameterization" time="8.950" errors="0" timestamp="2024-09-20T21:29:55 IST" skipped="0">
  <testcase classname="DeleteBooks_TestNgDataProviderforParameterization" name="addBook" time="0.449"/>
  <testcase classname="DeleteBooks_TestNgDataProviderforParameterization" name="addBook" time="0.528"/>
  <testcase classname="DeleteBooks_TestNgDataProviderforParameterization" name="addBook" time="7.973"/>
</testsuite> <!-- DeleteBooks_TestNgDataProviderforParameterization -->
