<?xml version="1.0" encoding="UTF-8"?>
<!-- Generated by org.testng.reporters.JUnitReportReporter -->
<testsuite hostname="Family-laptop" failures="0" tests="3" name="TestNgDataProviderforParameterization" time="9.965" errors="0" timestamp="2024-09-08T23:41:59 IST" skipped="0">
  <testcase classname="TestNgDataProviderforParameterization" name="addBook" time="9.369"/>
  <testcase classname="TestNgDataProviderforParameterization" name="addBook" time="0.223"/>
  <testcase classname="TestNgDataProviderforParameterization" name="addBook" time="0.373"/>
</testsuite> <!-- TestNgDataProviderforParameterization -->
