<?xml version="1.0" encoding="UTF-8"?>
<!-- Generated by org.testng.reporters.JUnitReportReporter -->
<testsuite hostname="Family-laptop" failures="0" tests="1" name="DynamicJson" time="6.851" errors="0" timestamp="2024-09-07T22:18:20 IST" skipped="0">
  <testcase classname="DynamicJson" name="addBook" time="6.851"/>
</testsuite> <!-- DynamicJson -->
